0 info it worked if it ends with ok
1 verbose cli [ '/Users/victorgarcia/.nvm/versions/node/v7.2.0/bin/node',
1 verbose cli   '/Users/victorgarcia/.nvm/versions/node/v7.2.0/bin/npm',
1 verbose cli   'run',
1 verbose cli   'dev' ]
2 info using npm@3.10.9
3 info using node@v7.2.0
4 verbose stack Error: missing script: dev
4 verbose stack     at run (/Users/victorgarcia/.nvm/versions/node/v7.2.0/lib/node_modules/npm/lib/run-script.js:151:19)
4 verbose stack     at /Users/victorgarcia/.nvm/versions/node/v7.2.0/lib/node_modules/npm/lib/run-script.js:61:5
4 verbose stack     at /Users/victorgarcia/.nvm/versions/node/v7.2.0/lib/node_modules/npm/node_modules/read-package-json/read-json.js:356:5
4 verbose stack     at checkBinReferences_ (/Users/victorgarcia/.nvm/versions/node/v7.2.0/lib/node_modules/npm/node_modules/read-package-json/read-json.js:320:45)
4 verbose stack     at final (/Users/victorgarcia/.nvm/versions/node/v7.2.0/lib/node_modules/npm/node_modules/read-package-json/read-json.js:354:3)
4 verbose stack     at then (/Users/victorgarcia/.nvm/versions/node/v7.2.0/lib/node_modules/npm/node_modules/read-package-json/read-json.js:124:5)
4 verbose stack     at ReadFileContext.<anonymous> (/Users/victorgarcia/.nvm/versions/node/v7.2.0/lib/node_modules/npm/node_modules/read-package-json/read-json.js:295:20)
4 verbose stack     at ReadFileContext.callback (/Users/victorgarcia/.nvm/versions/node/v7.2.0/lib/node_modules/npm/node_modules/graceful-fs/graceful-fs.js:78:16)
4 verbose stack     at FSReqWrap.readFileAfterOpen [as oncomplete] (fs.js:335:13)
5 verbose cwd /Users/victorgarcia/Desktop/IH/Modulo2/dia6/lab-express-spotify/starter_code
6 error Darwin 16.7.0
7 error argv "/Users/victorgarcia/.nvm/versions/node/v7.2.0/bin/node" "/Users/victorgarcia/.nvm/versions/node/v7.2.0/bin/npm" "run" "dev"
8 error node v7.2.0
9 error npm  v3.10.9
10 error missing script: dev
11 error If you need help, you may report this error at:
11 error     <https://github.com/npm/npm/issues>
12 verbose exit [ 1, true ]
